#
# There is insufficient memory for the Java Runtime Environment to continue.
# Native memory allocation (malloc) failed to allocate 1048576 bytes for AllocateHeap
# Possible reasons:
#   The system is out of physical RAM or swap space
#   In 32 bit mode, the process size limit was hit
# Possible solutions:
#   Reduce memory load on the system
#   Increase physical memory or swap space
#   Check if swap backing store is full
#   Use 64 bit Java on a 64 bit OS
#   Decrease Java heap size (-Xmx/-Xms)
#   Decrease number of Java threads
#   Decrease Java thread stack sizes (-Xss)
#   Set larger code cache with -XX:ReservedCodeCacheSize=
# This output file may be truncated or incomplete.
#
#  Out of Memory Error (memory/allocation.inline.hpp:61), pid=9772, tid=0x000000000000250c
#
# JRE version:  (8.0_191-b12) (build )
# Java VM: Java HotSpot(TM) 64-Bit Server VM (25.191-b12 mixed mode windows-amd64 compressed oops)
# Failed to write core dump. Minidumps are not enabled by default on client versions of Windows
#

---------------  T H R E A D  ---------------

Current thread (0x0000000002cf7800):  JavaThread "Unknown thread" [_thread_in_vm, id=9484, stack(0x0000000002b90000,0x0000000002c90000)]

Stack: [0x0000000002b90000,0x0000000002c90000]
[error occurred during error reporting (printing stack bounds), id 0xc0000005]

Native frames: (J=compiled Java code, j=interpreted, Vv=VM code, C=native code)


---------------  P R O C E S S  ---------------

Java Threads: ( => current thread )

Other Threads:

=>0x0000000002cf7800 (exited) JavaThread "Unknown thread" [_thread_in_vm, id=9484, stack(0x0000000002b90000,0x0000000002c90000)]

VM state:not at safepoint (normal execution)

VM Mutex/Monitor currently owned by a thread: None

Heap:
 PSYoungGen      total 56832K, used 983K [0x0000000780c00000, 0x0000000784b00000, 0x00000007c0000000)
  eden space 49152K, 2% used [0x0000000780c00000,0x0000000780cf5c38,0x0000000783c00000)
  from space 7680K, 0% used [0x0000000784380000,0x0000000784380000,0x0000000784b00000)
  to   space 7680K, 0% used [0x0000000783c00000,0x0000000783c00000,0x0000000784380000)
 ParOldGen       total 130048K, used 0K [0x0000000702400000, 0x000000070a300000, 0x0000000780c00000)
  object space 130048K, 0% used [0x0000000702400000,0x0000000702400000,0x000000070a300000)
 Metaspace       used 775K, capacity 4480K, committed 4480K, reserved 1056768K
  class space    used 76K, capacity 384K, committed 384K, reserved 1048576K

Card table byte_map: [0x0000000012300000,0x00000000128f0000] byte_map_base: 0x000000000eaee000

Marking Bits: (ParMarkBitMap*) 0x0000000060263e30
 Begin Bits: [0x00000000134f0000, 0x0000000016460000)
 End Bits:   [0x0000000016460000, 0x00000000193d0000)

Polling page: 0x00000000011c0000

CodeCache: size=245760Kb used=328Kb max_used=328Kb free=245431Kb
 bounds [0x0000000002f40000, 0x00000000031b0000, 0x0000000011f40000]
 total_blobs=58 nmethods=0 adapters=38
 compilation: enabled

Compilation events (0 events):
No events

GC Heap History (0 events):
No events

Deoptimization events (0 events):
No events

Classes redefined (0 events):
No events

Internal exceptions (0 events):
No events

Events (10 events):
Event: 0.025 loading class java/lang/Short
Event: 0.025 loading class java/lang/Short done
Event: 0.025 loading class java/lang/Integer
Event: 0.025 loading class java/lang/Integer done
Event: 0.025 loading class java/lang/Long
Event: 0.025 loading class java/lang/Long done
Event: 0.026 loading class java/lang/NullPointerException
Event: 0.026 loading class java/lang/NullPointerException done
Event: 0.026 loading class java/lang/ArithmeticException
Event: 0.026 loading class java/lang/ArithmeticException done


Dynamic libraries:
0x00007ff73b650000 - 0x00007ff73b687000 	C:\Program Files\Java\jdk1.8.0_191\bin\java.exe
0x00007ffbdf090000 - 0x00007ffbdf2a4000 	C:\WINDOWS\SYSTEM32\ntdll.dll
0x00007ffbdda10000 - 0x00007ffbddad4000 	C:\WINDOWS\System32\KERNEL32.DLL
0x00007ffbdc8c0000 - 0x00007ffbdcc64000 	C:\WINDOWS\System32\KERNELBASE.dll
0x00007ffbd94a0000 - 0x00007ffbd9537000 	C:\WINDOWS\SYSTEM32\apphelp.dll
0x00007ffbde120000 - 0x00007ffbde1d0000 	C:\WINDOWS\System32\ADVAPI32.dll
0x00007ffbde060000 - 0x00007ffbde107000 	C:\WINDOWS\System32\msvcrt.dll
0x00007ffbdedc0000 - 0x00007ffbdee66000 	C:\WINDOWS\System32\sechost.dll
0x00007ffbdeca0000 - 0x00007ffbdedb7000 	C:\WINDOWS\System32\RPCRT4.dll
0x00007ffbde1d0000 - 0x00007ffbde37a000 	C:\WINDOWS\System32\USER32.dll
0x00007ffbdc890000 - 0x00007ffbdc8b6000 	C:\WINDOWS\System32\win32u.dll
0x00007ffbdce50000 - 0x00007ffbdce79000 	C:\WINDOWS\System32\GDI32.dll
0x00007ffbdcc70000 - 0x00007ffbdcd89000 	C:\WINDOWS\System32\gdi32full.dll
0x00007ffbdc5e0000 - 0x00007ffbdc67a000 	C:\WINDOWS\System32\msvcp_win.dll
0x00007ffbdc680000 - 0x00007ffbdc791000 	C:\WINDOWS\System32\ucrtbase.dll
0x00007ffbc42f0000 - 0x00007ffbc457f000 	C:\WINDOWS\WinSxS\amd64_microsoft.windows.common-controls_6595b64144ccf1df_6.0.22621.2070_none_2713e6537381f706\COMCTL32.dll
0x00007ffbdd8d0000 - 0x00007ffbdd901000 	C:\WINDOWS\System32\IMM32.DLL
0x0000000060b00000 - 0x0000000060bd2000 	C:\Program Files\Java\jdk1.8.0_191\jre\bin\msvcr100.dll
0x000000005fa40000 - 0x00000000602e4000 	C:\Program Files\Java\jdk1.8.0_191\jre\bin\server\jvm.dll
0x00007ffbde110000 - 0x00007ffbde118000 	C:\WINDOWS\System32\PSAPI.DLL
0x00007ffbbfb30000 - 0x00007ffbbfb39000 	C:\WINDOWS\SYSTEM32\WSOCK32.dll
0x00007ffbd5030000 - 0x00007ffbd5064000 	C:\WINDOWS\SYSTEM32\WINMM.dll
0x00007ffbdd990000 - 0x00007ffbdda01000 	C:\WINDOWS\System32\WS2_32.dll
0x00007ffbd5320000 - 0x00007ffbd532a000 	C:\WINDOWS\SYSTEM32\VERSION.dll
0x0000000060af0000 - 0x0000000060aff000 	C:\Program Files\Java\jdk1.8.0_191\jre\bin\verify.dll
0x0000000060ac0000 - 0x0000000060ae9000 	C:\Program Files\Java\jdk1.8.0_191\jre\bin\java.dll
0x0000000060a30000 - 0x0000000060a53000 	C:\Program Files\Java\jdk1.8.0_191\jre\bin\instrument.dll
0x0000000060aa0000 - 0x0000000060ab6000 	C:\Program Files\Java\jdk1.8.0_191\jre\bin\zip.dll

VM Arguments:
jvm_args: -XX:TieredStopAtLevel=1 -Xverify:none -Dspring.output.ansi.enabled=always -Dcom.sun.management.jmxremote -Dspring.jmx.enabled=true -Dspring.liveBeansView.mbeanDomain -Dspring.application.admin.enabled=true -Dmanagement.endpoints.jmx.exposure.include=* -javaagent:D:\App_desktop\IntelliJ IDEA 2023.2.2\lib\idea_rt.jar=54945:D:\App_desktop\IntelliJ IDEA 2023.2.2\bin -Dfile.encoding=UTF-8 
java_command: com.newlife.Connect_multiple.ConnectMultipleApplication
java_class_path (initial): C:\Program Files\Java\jdk1.8.0_191\jre\lib\charsets.jar;C:\Program Files\Java\jdk1.8.0_191\jre\lib\deploy.jar;C:\Program Files\Java\jdk1.8.0_191\jre\lib\ext\access-bridge-64.jar;C:\Program Files\Java\jdk1.8.0_191\jre\lib\ext\cldrdata.jar;C:\Program Files\Java\jdk1.8.0_191\jre\lib\ext\dnsns.jar;C:\Program Files\Java\jdk1.8.0_191\jre\lib\ext\jaccess.jar;C:\Program Files\Java\jdk1.8.0_191\jre\lib\ext\jfxrt.jar;C:\Program Files\Java\jdk1.8.0_191\jre\lib\ext\localedata.jar;C:\Program Files\Java\jdk1.8.0_191\jre\lib\ext\nashorn.jar;C:\Program Files\Java\jdk1.8.0_191\jre\lib\ext\sunec.jar;C:\Program Files\Java\jdk1.8.0_191\jre\lib\ext\sunjce_provider.jar;C:\Program Files\Java\jdk1.8.0_191\jre\lib\ext\sunmscapi.jar;C:\Program Files\Java\jdk1.8.0_191\jre\lib\ext\sunpkcs11.jar;C:\Program Files\Java\jdk1.8.0_191\jre\lib\ext\zipfs.jar;C:\Program Files\Java\jdk1.8.0_191\jre\lib\javaws.jar;C:\Program Files\Java\jdk1.8.0_191\jre\lib\jce.jar;C:\Program Files\Java\jdk1.8.0_191\jre\lib\jfr.jar;C:\Program Files\Java\jdk1.8.0_191\jre\lib\jfxswt.jar;C:\Program Files\Java\jdk1.8.0_191\jre\lib\jsse.jar;C:\Program Files\Java\jdk1.8.0_191\jre\lib\management-agent.jar;C:\Program Files\Java\jdk1.8.0_191\jre\lib\plugin.jar;C:\Program Files\Java\jdk1.8.0_191\jre\lib\resources.jar;C:\Program Files\Java\jdk1.8.0_191\jre\lib\rt.jar;D:\cty\Task_2\Back_end\Connect_multiple\target\classes;C:\Users\ASUS\.m2\repository\org\springframework\boot\spring-boot-starter-data-jpa\2.4.0\spring-boot-starter-data-jpa-2.4.0.jar;C:\Users\ASUS\.m2\repository\org\springframework\boot\spring-boot-starter-aop\2.4.0\spring-boot-starter-aop-2.4.0.jar;C:\Users\ASUS\.m2\repository\org\springframework\spring-aop\5.3.1\spring-aop-5.3.1.jar;C:\Users\ASUS\.m2\repository\org\aspectj\aspectjweaver\1.9.6\aspectjweaver-1.9.6.jar;C:\Users\ASUS\.m2\repository\org\springframework\boot\spring-boot-starter-jdbc\2.4.0\spring-boot-starter-jdbc-2.4.0.jar;C:\Users\ASUS\.m2\repository\com\zaxxer\HikariCP\3.4.5\H
Launcher Type: SUN_STANDARD

Environment Variables:
JAVA_HOME=C:\Program Files\Java\jdk-17
PATH=C:\Program Files\Java\jdk-17\bin;C:\Program Files (x86)\VMware\VMware Workstation\bin\;C:\Program Files (x86)\Common Files\Oracle\Java\javapath;C:\Program Files\Common Files\Oracle\Java\javapath;C:\Windows\system32;C:\Windows;C:\Windows\System32\Wbem;C:\Windows\System32\WindowsPowerShell\v1.0\;C:\Windows\System32\OpenSSH\;C:\Program Files\Intel\WiFi\bin\;C:\Program Files\Common Files\Intel\WirelessCommon\;C:\WINDOWS\system32;C:\WINDOWS;C:\WINDOWS\System32\Wbem;C:\WINDOWS\System32\WindowsPowerShell\v1.0\;C:\WINDOWS\System32\OpenSSH\;C:\Program Files\Microsoft SQL Server\130\Tools\Binn\;C:\WINDOWS\system32;C:\WINDOWS;C:\WINDOWS\System32\Wbem;C:\WINDOWS\System32\WindowsPowerShell\v1.0\;C:\WINDOWS\System32\OpenSSH\;c:\MinGW\mingw64\bin;D:\The_band_W3school\Git\cmd;C:\Program Files\nodejs\;C:\Program Files\Microsoft SQL Server\Client SDK\ODBC\170\Tools\Binn\;C:\Program Files (x86)\Microsoft SQL Server\150\Tools\Binn\;C:\Program Files\Microsoft SQL Server\150\Tools\Binn\;C:\Program Files\Microsoft SQL Server\150\DTS\Binn\;C:\Program Files (x86)\Microsoft SQL Server\150\DTS\Binn\;C:\Program Files\Azure Data Studio\bin;C:\Program Files\apache-maven-3.6.0\bin;C:\Program Files\Git\cmd;D:\php\php-8.2.8;D:\CSDL-he\sqlite3;C:\Users\ASUS\AppData\Local\Programs\Python\Python310\Scripts\;C:\Users\ASUS\AppData\Local\Programs\Python\Python310\;C:\Users\ASUS\AppData\Local\Microsoft\WindowsApps;C:\Program Files (x86)\Dev-Cpp\MinGW64\bin;C:\Users\ASUS\AppData\Local\Programs\Microsoft VS Code\bin;C:\Users\ASUS\AppData\Roaming\npm;C:\Program Files\Azure Data Studio\bin;D:\D? li?u zalo\PyCharm Community Edition 2022.2.4\bin;;D:\deploy\heroku\bin;C:\Program Files\JetBrains\DataGrip 2023.1.2\bin;;D:\CSDL-he\sqlite3;
USERNAME=ASUS
OS=Windows_NT
PROCESSOR_IDENTIFIER=Intel64 Family 6 Model 142 Stepping 12, GenuineIntel



---------------  S Y S T E M  ---------------

OS: Windows 10.0 , 64 bit Build 22621 (10.0.22621.2070)

CPU:total 8 (initial active 8) (4 cores per cpu, 2 threads per core) family 6 model 142 stepping 12, cmov, cx8, fxsr, mmx, sse, sse2, sse3, ssse3, sse4.1, sse4.2, popcnt, avx, avx2, aes, clmul, erms, 3dnowpref, lzcnt, ht, tsc, tscinvbit, bmi1, bmi2, adx

Memory: 4k page, physical 12430792k(914924k free), swap 22916552k(5896k free)

vm_info: Java HotSpot(TM) 64-Bit Server VM (25.191-b12) for windows-amd64 JRE (1.8.0_191-b12), built on Oct  6 2018 09:29:03 by "java_re" with MS VC++ 10.0 (VS2010)

time: Tue Sep 19 23:30:50 2023
elapsed time: 0 seconds (0d 0h 0m 0s)

